<?xml version="1.0" encoding="UTF-8"?>
<!-- Generated by org.testng.reporters.JUnitReportReporter -->
<testsuite hostname="LAPTOP-O6ECEAOP" failures="0" tests="1" name="TestClass.searchresultsofLR" time="52.893" errors="0" timestamp="2025-06-23T13:18:01 IST" skipped="0">
  <testcase classname="TestClass.searchresultsofLR" name="LRsearchResult" time="52.893"/>
</testsuite> <!-- TestClass.searchresultsofLR -->
