<?xml version="1.0" encoding="UTF-8"?>
<!-- Generated by org.testng.reporters.JUnitReportReporter -->
<testsuite hostname="DESKTOP-JDQLD7V" failures="0" tests="1" name="TestClass.LIBIL_LoginTest" time="11.519" errors="0" timestamp="2025-04-09T13:20:38 IST" skipped="0">
  <testcase classname="TestClass.LIBIL_LoginTest" name="VerifyLoginPageOFLibil" time="11.519"/>
</testsuite> <!-- TestClass.LIBIL_LoginTest -->
