<?xml version="1.0" encoding="UTF-8"?>
<!-- Generated by org.testng.reporters.JUnitReportReporter -->
<testsuite hostname="DESKTOP-JDQLD7V" failures="0" tests="1" name="TestClass.Patrol_HomepageLoginTest" time="28.402" errors="0" timestamp="2025-04-18T10:20:05 IST" skipped="0">
  <testcase classname="TestClass.Patrol_HomepageLoginTest" name="LoginHomePageOfPatrol" time="28.402"/>
</testsuite> <!-- TestClass.Patrol_HomepageLoginTest -->
