<?xml version="1.0" encoding="UTF-8"?>
<!-- Generated by org.testng.reporters.JUnitReportReporter -->
<testsuite hostname="LAPTOP-O6ECEAOP" failures="0" tests="1" name="TestClass.smokesuiteofmanagecase" time="194.320" errors="0" timestamp="2025-05-30T18:54:31 IST" skipped="0">
  <testcase classname="TestClass.smokesuiteofmanagecase" name="VerifysmokeTest" time="194.320"/>
</testsuite> <!-- TestClass.smokesuiteofmanagecase -->
