<?xml version="1.0" encoding="UTF-8"?>
<!-- Generated by org.testng.reporters.JUnitReportReporter -->
<testsuite hostname="LAPTOP-O6ECEAOP" failures="0" tests="1" name="TestClass.ProfileTestsavedsearch" time="46.973" errors="0" timestamp="2025-07-15T15:15:08 IST" skipped="0">
  <testcase classname="TestClass.ProfileTestsavedsearch" name="verifyprofile" time="46.973"/>
</testsuite> <!-- TestClass.ProfileTestsavedsearch -->
