<?xml version="1.0" encoding="UTF-8"?>
<!-- Generated by org.testng.reporters.JUnitReportReporter -->
<testsuite hostname="DESKTOP-JDQLD7V" failures="0" tests="1" name="TestClass.Patrol_LoginTest" time="22.779" errors="0" timestamp="2025-04-09T12:59:29 IST" skipped="0">
  <testcase classname="TestClass.Patrol_LoginTest" name="VerifyLoginPageOF_Patrol" time="22.779"/>
</testsuite> <!-- TestClass.Patrol_LoginTest -->
