<?xml version="1.0" encoding="UTF-8"?>
<!-- Generated by org.testng.reporters.JUnitReportReporter -->
<testsuite hostname="LAPTOP-O6ECEAOP" failures="0" tests="1" name="TestClass.smokesuiteofmanagecase" time="111.181" errors="0" timestamp="2025-05-12T18:13:44 IST" skipped="0">
  <testcase classname="TestClass.smokesuiteofmanagecase" name="VerifysmokeTest" time="111.181"/>
</testsuite> <!-- TestClass.smokesuiteofmanagecase -->
