<?xml version="1.0" encoding="UTF-8"?>
<!-- Generated by org.testng.reporters.JUnitReportReporter -->
<testsuite hostname="LAPTOP-O6ECEAOP" failures="0" tests="1" name="TestClass.Patrol_HomepageLoginTest" time="30.530" errors="0" timestamp="2025-05-31T12:32:46 IST" skipped="0">
  <testcase classname="TestClass.Patrol_HomepageLoginTest" name="LoginHomePageOfPatrol" time="30.530"/>
</testsuite> <!-- TestClass.Patrol_HomepageLoginTest -->
