<?xml version="1.0" encoding="UTF-8"?>
<!-- Generated by org.testng.reporters.JUnitReportReporter -->
<testsuite hostname="LAPTOP-O6ECEAOP" failures="0" tests="1" name="TestClass.NASTESTPAGE" time="1.667" errors="0" timestamp="2025-06-16T10:22:04 IST" skipped="0">
  <testcase classname="TestClass.NASTESTPAGE" name="verifyActlistpage" time="1.667"/>
</testsuite> <!-- TestClass.NASTESTPAGE -->
