<?xml version="1.0" encoding="UTF-8"?>
<!-- Generated by org.testng.reporters.JUnitReportReporter -->
<testsuite hostname="DESKTOP-JDQLD7V" failures="0" tests="1" name="TestClass.LoginPage" time="28.335" errors="0" timestamp="2025-04-21T09:03:11 IST" skipped="0">
  <testcase classname="TestClass.LoginPage" name="VerifyLoginPageOFLR" time="28.335"/>
</testsuite> <!-- TestClass.LoginPage -->
