<?xml version="1.0" encoding="UTF-8"?>
<!-- Generated by org.testng.reporters.JUnitReportReporter -->
<testsuite hostname="LAPTOP-O6ECEAOP" failures="0" tests="1" name="TestClass.Patrol_LoginTest" time="22.000" errors="0" timestamp="2025-06-25T15:22:04 IST" skipped="0">
  <testcase classname="TestClass.Patrol_LoginTest" name="VerifyLoginPageOF_Patrol" time="22.000"/>
</testsuite> <!-- TestClass.Patrol_LoginTest -->
