<?xml version="1.0" encoding="UTF-8"?>
<!-- Generated by org.testng.reporters.JUnitReportReporter -->
<testsuite hostname="LAPTOP-O6ECEAOP" failures="0" tests="1" name="TestClass.VerifyLegitquestWebsiteDown" time="6.234" errors="0" timestamp="2025-06-16T20:24:57 IST" skipped="0">
  <testcase classname="TestClass.VerifyLegitquestWebsiteDown" name="verifyLRwebsite" time="6.234"/>
</testsuite> <!-- TestClass.VerifyLegitquestWebsiteDown -->
