<?xml version="1.0" encoding="UTF-8"?>
<!-- Generated by org.testng.reporters.JUnitReportReporter -->
<testsuite hostname="LAPTOP-O6ECEAOP" failures="0" tests="1" name="TestClass.smokesuiteofmanagecase" time="141.141" errors="0" timestamp="2025-07-19T12:34:52 IST" skipped="0">
  <testcase classname="TestClass.smokesuiteofmanagecase" name="VerifysmokeTest" time="141.141"/>
</testsuite> <!-- TestClass.smokesuiteofmanagecase -->
