<?xml version="1.0" encoding="UTF-8"?>
<!-- Generated by org.testng.reporters.JUnitReportReporter -->
<testsuite hostname="LAPTOP-O6ECEAOP" failures="0" tests="1" name="TestClass.LIBIL_Homepage" time="14.846" errors="0" timestamp="2025-06-25T21:04:21 IST" skipped="0">
  <testcase classname="TestClass.LIBIL_Homepage" name="VerifyLoginPageOFLibil" time="14.846"/>
</testsuite> <!-- TestClass.LIBIL_Homepage -->
