<?xml version="1.0" encoding="UTF-8"?>
<!-- Generated by org.testng.reporters.JUnitReportReporter -->
<testsuite hostname="LAPTOP-O6ECEAOP" failures="0" tests="1" name="TestClass.Patrol_HomepageLoginTest" time="10.561" errors="0" timestamp="2025-06-23T12:55:12 IST" skipped="0">
  <testcase classname="TestClass.Patrol_HomepageLoginTest" name="LoginHomePageOfPatrol" time="10.561"/>
</testsuite> <!-- TestClass.Patrol_HomepageLoginTest -->
