<?xml version="1.0" encoding="UTF-8"?>
<!-- Generated by org.testng.reporters.JUnitReportReporter -->
<testsuite hostname="DESKTOP-JDQLD7V" failures="0" tests="1" name="TestClass.smokesuiteofmanagecase" time="107.790" errors="0" timestamp="2025-04-09T18:08:58 IST" skipped="0">
  <testcase classname="TestClass.smokesuiteofmanagecase" name="VerifysmokeTest" time="107.790"/>
</testsuite> <!-- TestClass.smokesuiteofmanagecase -->
