<?xml version="1.0" encoding="UTF-8"?>
<!-- Generated by org.testng.reporters.JUnitReportReporter -->
<testsuite hostname="DESKTOP-JDQLD7V" failures="0" tests="1" name="TestClass.VerifyLibilWebsiteDown" time="8.760" errors="0" timestamp="2025-03-28T10:04:52 IST" skipped="0">
  <testcase classname="TestClass.VerifyLibilWebsiteDown" name="verifyLibilWeb" time="8.760"/>
</testsuite> <!-- TestClass.VerifyLibilWebsiteDown -->
