<?xml version="1.0" encoding="UTF-8"?>
<!-- Generated by org.testng.reporters.JUnitReportReporter -->
<testsuite hostname="DESKTOP-JDQLD7V" failures="0" tests="1" name="TestClass.VerifyLegiteyeWebsiteDown" time="1.476" errors="0" timestamp="2025-02-15T14:07:37 IST" skipped="0">
  <testcase classname="TestClass.VerifyLegiteyeWebsiteDown" name="verifyLegiteyeWebsite" time="1.476"/>
</testsuite> <!-- TestClass.VerifyLegiteyeWebsiteDown -->
