<?xml version="1.0" encoding="UTF-8"?>
<!-- Generated by org.testng.reporters.JUnitReportReporter -->
<testsuite hostname="LAPTOP-O6ECEAOP" failures="0" tests="1" name="TestClass.LIBIL_Homepage" time="13.155" errors="0" timestamp="2025-05-21T10:52:46 IST" skipped="0">
  <testcase classname="TestClass.LIBIL_Homepage" name="VerifyLoginPageOFLibil" time="13.155"/>
</testsuite> <!-- TestClass.LIBIL_Homepage -->
