<?xml version="1.0" encoding="UTF-8"?>
<!-- Generated by org.testng.reporters.JUnitReportReporter -->
<testsuite hostname="DESKTOP-JDQLD7V" failures="0" tests="1" name="TestClass.DashBoardTest" time="18.401" errors="0" timestamp="2025-04-09T17:03:34 IST" skipped="0">
  <testcase classname="TestClass.DashBoardTest" name="verifyDashBoard" time="18.401"/>
</testsuite> <!-- TestClass.DashBoardTest -->
