<?xml version="1.0" encoding="UTF-8"?>
<!-- Generated by org.testng.reporters.JUnitReportReporter -->
<testsuite hostname="LAPTOP-O6ECEAOP" failures="0" tests="1" name="TestClass.smokesuiteTesst" time="218.401" errors="0" timestamp="2025-05-31T12:06:13 IST" skipped="0">
  <testcase classname="TestClass.smokesuiteTesst" name="VerifysmokeTest" time="218.401"/>
</testsuite> <!-- TestClass.smokesuiteTesst -->
