<?xml version="1.0" encoding="UTF-8"?>
<!-- Generated by org.testng.reporters.JUnitReportReporter -->
<testsuite hostname="DESKTOP-JDQLD7V" failures="0" tests="1" name="TestClass.searchresultsofLR" time="36.568" errors="0" timestamp="2025-04-09T13:13:23 IST" skipped="0">
  <testcase classname="TestClass.searchresultsofLR" name="LRsearchResult" time="36.568"/>
</testsuite> <!-- TestClass.searchresultsofLR -->
