<?xml version="1.0" encoding="UTF-8"?>
<!-- Generated by org.testng.reporters.JUnitReportReporter -->
<testsuite hostname="LAPTOP-O6ECEAOP" failures="0" tests="1" name="TestClass.NASTESTPAGE" time="4.532" errors="0" timestamp="2025-06-23T12:44:12 IST" skipped="0">
  <testcase classname="TestClass.NASTESTPAGE" name="verifyActlistpage" time="4.532"/>
</testsuite> <!-- TestClass.NASTESTPAGE -->
