<?xml version="1.0" encoding="UTF-8"?>
<!-- Generated by org.testng.reporters.JUnitReportReporter -->
<testsuite hostname="DESKTOP-JDQLD7V" failures="0" tests="1" name="TestClass.VerifyManagementToolWebsite" time="31.705" errors="0" timestamp="2025-02-25T08:34:24 IST" skipped="0">
  <testcase classname="TestClass.VerifyManagementToolWebsite" name="verifyPatrolWebsite" time="31.705"/>
</testsuite> <!-- TestClass.VerifyManagementToolWebsite -->
