<?xml version="1.0" encoding="UTF-8"?>
<!-- Generated by org.testng.reporters.JUnitReportReporter -->
<testsuite hostname="DESKTOP-JDQLD7V" failures="0" tests="1" name="TestClass.NewActListTest" time="78.077" errors="0" timestamp="2025-04-09T12:35:47 IST" skipped="0">
  <testcase classname="TestClass.NewActListTest" name="NewActList" time="78.077"/>
</testsuite> <!-- TestClass.NewActListTest -->
