<?xml version="1.0" encoding="UTF-8"?>
<!-- Generated by org.testng.reporters.JUnitReportReporter -->
<testsuite hostname="DESKTOP-JDQLD7V" failures="0" tests="1" name="TestClass.LRLOGINPAGETEST" time="15.761" errors="0" timestamp="2025-02-21T19:33:22 IST" skipped="0">
  <testcase classname="TestClass.LRLOGINPAGETEST" name="VerifyLoginPageOFLR" time="15.761"/>
</testsuite> <!-- TestClass.LRLOGINPAGETEST -->
