<?xml version="1.0" encoding="UTF-8"?>
<!-- Generated by org.testng.reporters.JUnitReportReporter -->
<testsuite hostname="DESKTOP-JDQLD7V" failures="0" tests="1" name="TestClass.LR_EditProfilePageTest" time="65.300" errors="0" timestamp="2025-04-10T15:18:24 IST" skipped="0">
  <testcase classname="TestClass.LR_EditProfilePageTest" name="verifyLrEditprofile" time="65.300"/>
</testsuite> <!-- TestClass.LR_EditProfilePageTest -->
