<?xml version="1.0" encoding="UTF-8"?>
<!-- Generated by org.testng.reporters.JUnitReportReporter -->
<testsuite hostname="DESKTOP-JDQLD7V" failures="0" tests="1" name="TestClass.LIBIL_LoginTest" time="12.504" errors="0" timestamp="2025-04-21T13:30:54 IST" skipped="0">
  <testcase classname="TestClass.LIBIL_LoginTest" name="VerifyLoginPageOFLibil" time="12.504"/>
</testsuite> <!-- TestClass.LIBIL_LoginTest -->
