<?xml version="1.0" encoding="UTF-8"?>
<!-- Generated by org.testng.reporters.JUnitReportReporter -->
<testsuite hostname="DESKTOP-JDQLD7V" failures="0" tests="1" name="TestClass.Lr_ChangePassTest" time="63.420" errors="0" timestamp="2025-04-21T13:59:23 IST" skipped="0">
  <testcase classname="TestClass.Lr_ChangePassTest" name="LR_Changepassword" time="63.420"/>
</testsuite> <!-- TestClass.Lr_ChangePassTest -->
