<?xml version="1.0" encoding="UTF-8"?>
<!-- Generated by org.testng.reporters.JUnitReportReporter -->
<testsuite hostname="LAPTOP-O6ECEAOP" failures="0" tests="1" name="TestClass.ActListpageTest" time="37.309" errors="0" timestamp="2025-06-23T12:35:09 IST" skipped="0">
  <testcase classname="TestClass.ActListpageTest" name="verifyActlistpage" time="37.309"/>
</testsuite> <!-- TestClass.ActListpageTest -->
