<?xml version="1.0" encoding="UTF-8"?>
<!-- Generated by org.testng.reporters.JUnitReportReporter -->
<testsuite hostname="LAPTOP-O6ECEAOP" failures="0" tests="1" name="TestClass.VerifyLegitquestWebsiteDown" time="3.649" errors="0" timestamp="2025-05-12T18:24:02 IST" skipped="0">
  <testcase classname="TestClass.VerifyLegitquestWebsiteDown" name="verifyLRwebsite" time="3.649"/>
</testsuite> <!-- TestClass.VerifyLegitquestWebsiteDown -->
