<?xml version="1.0" encoding="UTF-8"?>
<!-- Generated by org.testng.reporters.JUnitReportReporter -->
<testsuite hostname="LAPTOP-O6ECEAOP" failures="0" tests="1" name="TestClass.searchresultsofLR" time="114.724" errors="0" timestamp="2025-06-03T12:11:17 IST" skipped="0">
  <testcase classname="TestClass.searchresultsofLR" name="LRsearchResult" time="114.724"/>
</testsuite> <!-- TestClass.searchresultsofLR -->
