<?xml version="1.0" encoding="UTF-8"?>
<!-- Generated by org.testng.reporters.JUnitReportReporter -->
<testsuite hostname="LAPTOP-O6ECEAOP" failures="0" tests="1" name="TestClass.smokesuiteofmanagecase" time="152.866" errors="0" timestamp="2025-06-25T13:58:03 IST" skipped="0">
  <testcase classname="TestClass.smokesuiteofmanagecase" name="VerifysmokeTest" time="152.866"/>
</testsuite> <!-- TestClass.smokesuiteofmanagecase -->
