<?xml version="1.0" encoding="UTF-8"?>
<!-- Generated by org.testng.reporters.JUnitReportReporter -->
<testsuite hostname="LAPTOP-O6ECEAOP" failures="0" tests="1" name="TestClass.LoginPage" time="29.218" errors="0" timestamp="2025-07-10T13:26:07 IST" skipped="0">
  <testcase classname="TestClass.LoginPage" name="VerifyLoginPageOFLR" time="29.218">
    <system-out>
      <![CDATA[VerifyLoginPageOFLRscript execution startsThu Jul 10 13:14:24 IST 2025
VerifyLoginPageOFLRscript is passsed]]>
    </system-out>
  </testcase> <!-- VerifyLoginPageOFLR -->
  <system-out>
    <![CDATA[suite execution starts:Thu Jul 10 13:14:20 IST 2025
verifyActlistpagescript execution startsThu Jul 10 13:14:22 IST 2025
verifyActlistpagescript is passsed
VerifyLoginPageOFLRscript execution startsThu Jul 10 13:14:24 IST 2025
VerifyLoginPageOFLRscript is passsed
verifyHomePageofLRscript execution startsThu Jul 10 13:14:54 IST 2025
verifyHomePageofLRscript is passsed
VerifyLoginPageOFLRscript execution startsThu Jul 10 13:15:08 IST 2025
VerifyLoginPageOFLRscript is passsed
VerifyLoginPageOFLibilscript execution startsThu Jul 10 13:15:28 IST 2025
VerifyLoginPageOFLibilscript is passsed
VerifyLoginPageOFLibilscript execution startsThu Jul 10 13:15:43 IST 2025
VerifyLoginPageOFLibilscript is passsed
LR_Changepasswordscript execution startsThu Jul 10 13:15:59 IST 2025
LR_Changepasswordscript is failed
screenshot has taken
verifyLrEditprofilescript execution startsThu Jul 10 13:16:52 IST 2025
verifyLrEditprofilescript is passsed
LRsearchResultscript execution startsThu Jul 10 13:17:40 IST 2025
LRsearchResultscript is passsed
verifyActlistpagescript execution startsThu Jul 10 13:18:21 IST 2025
verifyActlistpagescript is passsed
VerifyLoginPageOF_Patrolscript execution startsThu Jul 10 13:19:02 IST 2025
VerifyLoginPageOF_Patrolscript is passsed
VerifysmokeTestscript execution startsThu Jul 10 13:19:23 IST 2025
VerifysmokeTestscript is passsed
VerifysmokeTestscript execution startsThu Jul 10 13:21:37 IST 2025
VerifysmokeTestscript is passsed
verifyLegiteyeWebsitescript execution startsThu Jul 10 13:25:06 IST 2025
verifyLegiteyeWebsitescript is passsed
checkLRLoginPageForErrorsscript execution startsThu Jul 10 13:25:08 IST 2025
checkLRLoginPageForErrorsscript is passsed
verifyLibilWebscript execution startsThu Jul 10 13:25:17 IST 2025
verifyLibilWebscript is passsed
verifyPatrolWebsitescript execution startsThu Jul 10 13:25:20 IST 2025
verifyPatrolWebsitescript is passsed
verifyprofilescript execution startsThu Jul 10 13:25:22 IST 2025
verifyprofilescript is failed
screenshot has taken]]>
  </system-out>
</testsuite> <!-- TestClass.LoginPage -->
