<?xml version="1.0" encoding="UTF-8"?>
<!-- Generated by org.testng.reporters.JUnitReportReporter -->
<testsuite hostname="LAPTOP-O6ECEAOP" failures="0" tests="1" name="TestClass.ProfileTestsavedsearch" time="44.322" errors="0" timestamp="2025-06-25T13:48:36 IST" skipped="0">
  <testcase classname="TestClass.ProfileTestsavedsearch" name="verifyprofile" time="44.322"/>
</testsuite> <!-- TestClass.ProfileTestsavedsearch -->
