<?xml version="1.0" encoding="UTF-8"?>
<!-- Generated by org.testng.reporters.JUnitReportReporter -->
<testsuite hostname="LAPTOP-O6ECEAOP" failures="0" tests="1" name="TestClass.LoginPage" time="58.421" errors="0" timestamp="2025-05-19T11:45:36 IST" skipped="0">
  <testcase classname="TestClass.LoginPage" name="VerifyLoginPageOFLR" time="58.421"/>
</testsuite> <!-- TestClass.LoginPage -->
