<?xml version="1.0" encoding="UTF-8"?>
<!-- Generated by org.testng.reporters.JUnitReportReporter -->
<testsuite hostname="LAPTOP-O6ECEAOP" failures="0" tests="1" name="TestClass.LoginPage" time="29.234" errors="0" timestamp="2025-06-25T21:05:44 IST" skipped="0">
  <testcase classname="TestClass.LoginPage" name="VerifyLoginPageOFLR" time="29.234"/>
</testsuite> <!-- TestClass.LoginPage -->
